<?xml version="1.0" encoding="UTF-8"?>
<coverage generated="1694554788740" clover="3.2.0">
  <project timestamp="1694554788741" name="All files">
    <metrics statements="8" coveredstatements="8" conditionals="6" coveredconditionals="6" methods="2" coveredmethods="2" elements="16" coveredelements="16" complexity="0" loc="8" ncloc="8" packages="1" files="1" classes="1"/>
    <file name="app.js" path="C:\Сергей\Python\Курс Нетология\JavaScript_Advanced\Task_4\Matchers\src\js\app.js">
      <metrics statements="8" coveredstatements="8" conditionals="6" coveredconditionals="6" methods="2" coveredmethods="2"/>
      <line num="4" count="14" type="stmt"/>
      <line num="5" count="14" type="stmt"/>
      <line num="6" count="14" type="cond" truecount="2" falsecount="0"/>
      <line num="7" count="8" type="cond" truecount="2" falsecount="0"/>
      <line num="8" count="6" type="cond" truecount="2" falsecount="0"/>
      <line num="9" count="1" type="stmt"/>
      <line num="13" count="5" type="stmt"/>
      <line num="14" count="5" type="stmt"/>
    </file>
  </project>
</coverage>
